The system is: Windows - 10.0.19045 - AMD64
Compiling the C compiler identification source file "CMakeCCompilerId.c" succeeded.
Compiler: C:/Program Files/Microsoft Visual Studio/2022/Enterprise/VC/Tools/MSVC/14.35.32215/bin/Hostx86/x86/cl.exe 
Build flags: 
Id flags:  

The output was:
0
Compilateur d'optimisation Microsoft (R) C/C++ version 19.35.32215 pour x86
Copyright (C) Microsoft Corporation. Tous droits réservés.

CMakeCCompilerId.c
Microsoft (R) Incremental Linker Version 14.35.32215.0
Copyright (C) Microsoft Corporation.  All rights reserved.

/out:CMakeCCompilerId.exe 
CMakeCCompilerId.obj 


Compilation of the C compiler identification source "CMakeCCompilerId.c" produced "CMakeCCompilerId.exe"

Compilation of the C compiler identification source "CMakeCCompilerId.c" produced "CMakeCCompilerId.obj"

The C compiler identification is MSVC, found in "E:/Mes documents/C++/libserum/out/build/x86-Release/CMakeFiles/3.25.1-msvc1/CompilerIdC/CMakeCCompilerId.exe"

Compiling the CXX compiler identification source file "CMakeCXXCompilerId.cpp" succeeded.
Compiler: C:/Program Files/Microsoft Visual Studio/2022/Enterprise/VC/Tools/MSVC/14.35.32215/bin/Hostx86/x86/cl.exe 
Build flags: 
Id flags:  

The output was:
0
Compilateur d'optimisation Microsoft (R) C/C++ version 19.35.32215 pour x86
Copyright (C) Microsoft Corporation. Tous droits réservés.

CMakeCXXCompilerId.cpp
Microsoft (R) Incremental Linker Version 14.35.32215.0
Copyright (C) Microsoft Corporation.  All rights reserved.

/out:CMakeCXXCompilerId.exe 
CMakeCXXCompilerId.obj 


Compilation of the CXX compiler identification source "CMakeCXXCompilerId.cpp" produced "CMakeCXXCompilerId.exe"

Compilation of the CXX compiler identification source "CMakeCXXCompilerId.cpp" produced "CMakeCXXCompilerId.obj"

The CXX compiler identification is MSVC, found in "E:/Mes documents/C++/libserum/out/build/x86-Release/CMakeFiles/3.25.1-msvc1/CompilerIdCXX/CMakeCXXCompilerId.exe"

Detecting C compiler ABI info compiled with the following output:
Change Dir: E:/Mes documents/C++/libserum/out/build/x86-Release/CMakeFiles/CMakeScratch/TryCompile-aqnsle

Run Build Command(s):C:/Program Files/Microsoft Visual Studio/2022/Enterprise/Common7/IDE/CommonExtensions/Microsoft/CMake/Ninja/ninja.exe cmTC_4386f && [1/2] Building C object CMakeFiles\cmTC_4386f.dir\CMakeCCompilerABI.c.obj
[2/2] Linking C executable cmTC_4386f.exe



Detecting CXX compiler ABI info compiled with the following output:
Change Dir: E:/Mes documents/C++/libserum/out/build/x86-Release/CMakeFiles/CMakeScratch/TryCompile-0f5xnh

Run Build Command(s):C:/Program Files/Microsoft Visual Studio/2022/Enterprise/Common7/IDE/CommonExtensions/Microsoft/CMake/Ninja/ninja.exe cmTC_f016c && [1/2] Building CXX object CMakeFiles\cmTC_f016c.dir\CMakeCXXCompilerABI.cpp.obj
[2/2] Linking CXX executable cmTC_f016c.exe



